<?xml version="1.0" encoding="UTF-8"?>
<!-- Generated by org.testng.reporters.JUnitReportReporter -->
<testsuite hostname="USER-20151221VF" name="testcases.test1" tests="1" failures="0" timestamp="17 Apr 2017 12:41:29 GMT" time="49.015" errors="0">
  <testcase name="test" time="49.015" classname="testcases.test1"/>
</testsuite> <!-- testcases.test1 -->
