<?xml version="1.0" encoding="UTF-8"?>
<!-- Generated by org.testng.reporters.JUnitReportReporter -->
<testsuite hostname="USER-20151221VF" name="testcases.Test2" tests="1" failures="0" timestamp="25 Mar 2017 04:12:17 GMT" time="6.696" errors="0">
  <testcase name="testa" time="6.696" classname="testcases.Test2"/>
</testsuite> <!-- testcases.Test2 -->
